[  415765ms] [ERROR] Failed to load resource: net::ERR_EMPTY_RESPONSE @ https://api.dbay.cloud:8443/api/v1/agentfs/memory-target/pending-derivation-count:0
[  451076ms] [ERROR] Failed to load resource: the server responded with a status of 500 () @ https://api.dbay.cloud:8443/api/v1/agentfs/memory-target:0
[  451083ms] [ERROR] Failed to load resource: the server responded with a status of 500 () @ https://api.dbay.cloud:8443/api/v1/agentfs/memory-target/pending-derivation-count:0
[ 1081072ms] [ERROR] Failed to load resource: the server responded with a status of 500 () @ https://api.dbay.cloud:8443/api/v1/agentfs/memory-target:0
[ 1201088ms] [ERROR] Failed to load resource: the server responded with a status of 500 () @ https://api.dbay.cloud:8443/api/v1/agentfs/memory-target/pending-derivation-count:0
[ 1591074ms] [ERROR] Failed to load resource: the server responded with a status of 500 () @ https://api.dbay.cloud:8443/api/v1/agentfs/memory-target:0
[ 1591075ms] [ERROR] Failed to load resource: the server responded with a status of 500 () @ https://api.dbay.cloud:8443/api/v1/agentfs/memory-target/pending-derivation-count:0
[ 1891087ms] [ERROR] Failed to load resource: the server responded with a status of 500 () @ https://api.dbay.cloud:8443/api/v1/agentfs/memory-target:0
[ 1981087ms] [ERROR] Failed to load resource: the server responded with a status of 500 () @ https://api.dbay.cloud:8443/api/v1/agentfs/memory-target:0
[ 2185750ms] [ERROR] Failed to load resource: net::ERR_EMPTY_RESPONSE @ https://api.dbay.cloud:8443/api/v1/agentfs/memory-target/pending-derivation-count:0
[ 2581089ms] [ERROR] Failed to load resource: the server responded with a status of 500 () @ https://api.dbay.cloud:8443/api/v1/agentfs/memory-target/pending-derivation-count:0
[ 2905686ms] [ERROR] Failed to load resource: net::ERR_EMPTY_RESPONSE @ https://api.dbay.cloud:8443/api/v1/agentfs/memory-target/pending-derivation-count:0
[ 3123145ms] [ERROR] Failed to load resource: the server responded with a status of 500 () @ https://api.dbay.cloud:8443/api/v1/agentfs/memory-target/pending-derivation-count:0
[ 3453141ms] [ERROR] Failed to load resource: the server responded with a status of 500 () @ https://api.dbay.cloud:8443/api/v1/agentfs/memory-target:0
[ 3481728ms] [ERROR] Failed to load resource: net::ERR_EMPTY_RESPONSE @ https://api.dbay.cloud:8443/api/v1/agentfs/memory-target/pending-derivation-count:0
[ 3663190ms] [ERROR] Failed to load resource: the server responded with a status of 500 () @ https://api.dbay.cloud:8443/api/v1/agentfs/memory-target:0
[ 3803084ms] [ERROR] Failed to load resource: net::ERR_CONNECTION_RESET @ https://api.dbay.cloud:8443/api/v1/agentfs/memory-target/pending-derivation-count:0
[ 3813048ms] [ERROR] Failed to load resource: the server responded with a status of 500 () @ https://api.dbay.cloud:8443/api/v1/agentfs/memory-target:0
[ 3813145ms] [ERROR] Failed to load resource: net::ERR_CONNECTION_RESET @ https://api.dbay.cloud:8443/api/v1/agentfs/memory-target:0
[ 3833076ms] [ERROR] Failed to load resource: net::ERR_CONNECTION_RESET @ https://api.dbay.cloud:8443/api/v1/agentfs/memory-target/pending-derivation-count:0
[ 3841732ms] [ERROR] Failed to load resource: net::ERR_EMPTY_RESPONSE @ https://api.dbay.cloud:8443/api/v1/agentfs/memory-target/pending-derivation-count:0
[ 3843064ms] [ERROR] Failed to load resource: net::ERR_CONNECTION_RESET @ https://api.dbay.cloud:8443/api/v1/agentfs/memory-target:0
[ 3843065ms] [ERROR] Failed to load resource: net::ERR_CONNECTION_RESET @ https://api.dbay.cloud:8443/api/v1/agentfs/memory-target/pending-derivation-count:0
[ 4143131ms] [ERROR] Failed to load resource: the server responded with a status of 500 () @ https://api.dbay.cloud:8443/api/v1/agentfs/memory-target:0
[ 4323484ms] [ERROR] Failed to load resource: the server responded with a status of 500 () @ https://api.dbay.cloud:8443/api/v1/agentfs/memory-target:0
[ 4533146ms] [ERROR] Failed to load resource: the server responded with a status of 500 () @ https://api.dbay.cloud:8443/api/v1/agentfs/memory-target/pending-derivation-count:0
[ 4653153ms] [ERROR] Failed to load resource: the server responded with a status of 500 () @ https://api.dbay.cloud:8443/api/v1/agentfs/memory-target:0
[ 4861754ms] [ERROR] Failed to load resource: net::ERR_EMPTY_RESPONSE @ https://api.dbay.cloud:8443/api/v1/agentfs/memory-target/pending-derivation-count:0
[ 5433210ms] [ERROR] Failed to load resource: the server responded with a status of 500 () @ https://api.dbay.cloud:8443/api/v1/agentfs/memory-target:0
[ 5613233ms] [ERROR] Failed to load resource: the server responded with a status of 500 () @ https://api.dbay.cloud:8443/api/v1/agentfs/memory-target/pending-derivation-count:0
[ 5823254ms] [ERROR] Failed to load resource: the server responded with a status of 500 () @ https://api.dbay.cloud:8443/api/v1/agentfs/memory-target/pending-derivation-count:0
[ 6003260ms] [ERROR] Failed to load resource: the server responded with a status of 500 () @ https://api.dbay.cloud:8443/api/v1/agentfs/memory-target:0
[ 6183260ms] [ERROR] Failed to load resource: the server responded with a status of 500 () @ https://api.dbay.cloud:8443/api/v1/agentfs/memory-target:0
[ 6393259ms] [ERROR] Failed to load resource: the server responded with a status of 500 () @ https://api.dbay.cloud:8443/api/v1/agentfs/memory-target:0
[ 6537987ms] [ERROR] Failed to load resource: net::ERR_EMPTY_RESPONSE @ https://api.dbay.cloud:8443/api/v1/agentfs/memory-target/pending-derivation-count:0
[ 6753278ms] [ERROR] Failed to load resource: the server responded with a status of 500 () @ https://api.dbay.cloud:8443/api/v1/agentfs/memory-target:0
[ 6897827ms] [ERROR] Failed to load resource: net::ERR_EMPTY_RESPONSE @ https://api.dbay.cloud:8443/api/v1/agentfs/memory-target/pending-derivation-count:0
[ 7113233ms] [ERROR] Failed to load resource: the server responded with a status of 500 () @ https://api.dbay.cloud:8443/api/v1/agentfs/memory-target:0
[ 7351125ms] [ERROR] Failed to load resource: net::ERR_EMPTY_RESPONSE @ https://api.dbay.cloud:8443/api/v1/agentfs/memory-target:0
[ 7713248ms] [ERROR] Failed to load resource: the server responded with a status of 500 () @ https://api.dbay.cloud:8443/api/v1/agentfs/memory-target:0
[ 7773258ms] [ERROR] Failed to load resource: the server responded with a status of 500 () @ https://api.dbay.cloud:8443/api/v1/agentfs/memory-target:0
[ 7791742ms] [ERROR] Failed to load resource: net::ERR_EMPTY_RESPONSE @ https://api.dbay.cloud:8443/api/v1/agentfs/memory-target/pending-derivation-count:0
[ 8007833ms] [ERROR] Failed to load resource: net::ERR_EMPTY_RESPONSE @ https://api.dbay.cloud:8443/api/v1/agentfs/memory-target/pending-derivation-count:0
[ 8163204ms] [ERROR] Failed to load resource: net::ERR_CONNECTION_RESET @ https://api.dbay.cloud:8443/api/v1/agentfs/memory-target:0
[ 8183169ms] [ERROR] Failed to load resource: the server responded with a status of 500 () @ https://api.dbay.cloud:8443/api/v1/agentfs/memory-target/pending-derivation-count:0
[ 8183197ms] [ERROR] Failed to load resource: net::ERR_CONNECTION_RESET @ https://api.dbay.cloud:8443/api/v1/agentfs/memory-target/pending-derivation-count:0
[ 8191753ms] [ERROR] Failed to load resource: net::ERR_EMPTY_RESPONSE @ https://api.dbay.cloud:8443/api/v1/agentfs/memory-target/pending-derivation-count:0
[ 8193196ms] [ERROR] Failed to load resource: net::ERR_CONNECTION_RESET @ https://api.dbay.cloud:8443/api/v1/agentfs/memory-target:0
[ 8193200ms] [ERROR] Failed to load resource: net::ERR_CONNECTION_RESET @ https://api.dbay.cloud:8443/api/v1/agentfs/memory-target/pending-derivation-count:0
[ 8673271ms] [ERROR] Failed to load resource: the server responded with a status of 500 () @ https://api.dbay.cloud:8443/api/v1/agentfs/memory-target:0
[ 8746659ms] [ERROR] Failed to load resource: net::ERR_NETWORK_IO_SUSPENDED @ https://api.dbay.cloud:8443/api/v1/agentfs/memory-target/pending-derivation-count:0
[ 8746659ms] [ERROR] Failed to load resource: net::ERR_NETWORK_IO_SUSPENDED @ https://api.dbay.cloud:8443/api/v1/agentfs/memory-target/pending-derivation-count:0
[ 8746687ms] [ERROR] Failed to load resource: net::ERR_PROXY_CONNECTION_FAILED @ https://api.dbay.cloud:8443/api/v1/agentfs/memory-target/pending-derivation-count:0
[ 9507943ms] [ERROR] Failed to load resource: net::ERR_EMPTY_RESPONSE @ https://api.dbay.cloud:8443/api/v1/agentfs/memory-target/pending-derivation-count:0
[ 9545361ms] [ERROR] Failed to load resource: the server responded with a status of 500 () @ https://api.dbay.cloud:8443/api/v1/agentfs/memory-target:0
[ 9564982ms] [ERROR] Failed to load resource: net::ERR_EMPTY_RESPONSE @ https://api.dbay.cloud:8443/api/v1/agentfs/memory-target/pending-derivation-count:0
[ 9785148ms] [ERROR] Failed to load resource: the server responded with a status of 500 () @ https://api.dbay.cloud:8443/api/v1/agentfs/memory-target:0
[10314956ms] [ERROR] Failed to load resource: the server responded with a status of 500 () @ https://api.dbay.cloud:8443/api/v1/agentfs/memory-target/pending-derivation-count:0
[10325126ms] [ERROR] Failed to load resource: the server responded with a status of 500 () @ https://api.dbay.cloud:8443/api/v1/agentfs/memory-target/pending-derivation-count:0
[10685135ms] [ERROR] Failed to load resource: the server responded with a status of 500 () @ https://api.dbay.cloud:8443/api/v1/agentfs/memory-target:0
[10895135ms] [ERROR] Failed to load resource: the server responded with a status of 500 () @ https://api.dbay.cloud:8443/api/v1/agentfs/memory-target:0
[11405158ms] [ERROR] Failed to load resource: the server responded with a status of 500 () @ https://api.dbay.cloud:8443/api/v1/agentfs/memory-target:0
[11616640ms] [ERROR] Failed to load resource: net::ERR_NETWORK_IO_SUSPENDED @ https://api.dbay.cloud:8443/api/v1/agentfs/memory-target:0
[11616640ms] [ERROR] Failed to load resource: net::ERR_NETWORK_IO_SUSPENDED @ https://api.dbay.cloud:8443/api/v1/agentfs/memory-target/pending-derivation-count:0
[11616640ms] [ERROR] Failed to load resource: net::ERR_NETWORK_IO_SUSPENDED @ https://api.dbay.cloud:8443/api/v1/agentfs/memory-target/pending-derivation-count:0
[11616640ms] [ERROR] Failed to load resource: net::ERR_PROXY_CONNECTION_FAILED @ https://api.dbay.cloud:8443/api/v1/agentfs/memory-target/pending-derivation-count:0
[20806569ms] [ERROR] Failed to load resource: net::ERR_NETWORK_IO_SUSPENDED @ https://api.dbay.cloud:8443/api/v1/agentfs/memory-target/pending-derivation-count:0
[20806570ms] [ERROR] Failed to load resource: net::ERR_NETWORK_IO_SUSPENDED @ https://api.dbay.cloud:8443/api/v1/agentfs/memory-target/pending-derivation-count:0
[20806570ms] [ERROR] Failed to load resource: net::ERR_NETWORK_IO_SUSPENDED @ https://api.dbay.cloud:8443/api/v1/agentfs/memory-target/pending-derivation-count:0
[22619775ms] [ERROR] Failed to load resource: net::ERR_NETWORK_IO_SUSPENDED @ https://api.dbay.cloud:8443/api/v1/agentfs/memory-target/pending-derivation-count:0
[22619775ms] [ERROR] Failed to load resource: net::ERR_NETWORK_IO_SUSPENDED @ https://api.dbay.cloud:8443/api/v1/agentfs/memory-target/pending-derivation-count:0
[22619777ms] [ERROR] Failed to load resource: net::ERR_PROXY_CONNECTION_FAILED @ https://api.dbay.cloud:8443/api/v1/agentfs/memory-target/pending-derivation-count:0
[22998710ms] [ERROR] Failed to load resource: net::ERR_INTERNET_DISCONNECTED @ https://api.dbay.cloud:8443/api/v1/agentfs/memory-target:0
[22998711ms] [ERROR] Failed to load resource: net::ERR_INTERNET_DISCONNECTED @ https://api.dbay.cloud:8443/api/v1/agentfs/memory-target/pending-derivation-count:0
[22999353ms] [ERROR] Failed to load resource: net::ERR_INTERNET_DISCONNECTED @ https://api.dbay.cloud:8443/api/v1/agentfs/memory-target:0
[60854280ms] [ERROR] Failed to load resource: net::ERR_NETWORK_IO_SUSPENDED @ https://api.dbay.cloud:8443/api/v1/agentfs/memory-target/pending-derivation-count:0
[60854281ms] [ERROR] Failed to load resource: net::ERR_NETWORK_IO_SUSPENDED @ https://api.dbay.cloud:8443/api/v1/agentfs/memory-target/pending-derivation-count:0
[60854281ms] [ERROR] Failed to load resource: net::ERR_NETWORK_IO_SUSPENDED @ https://api.dbay.cloud:8443/api/v1/agentfs/memory-target/pending-derivation-count:0
[64366415ms] [ERROR] Failed to load resource: net::ERR_INTERNET_DISCONNECTED @ https://api.dbay.cloud:8443/api/v1/agentfs/memory-target/pending-derivation-count:0
